<?xml version="1.0" encoding="utf-8"?><testsuites name="pytest tests"><testsuite name="pytest" errors="0" failures="0" skipped="0" tests="1" time="12.499" timestamp="2025-08-06T15:22:02.768221+07:00" hostname="ahmads-MacBook-Pro.local"><testcase classname="tests.test_login_page" name="test_login_page_success" time="12.480" /></testsuite></testsuites>