<?xml version="1.0" encoding="utf-8"?><testsuites name="pytest tests"><testsuite name="pytest" errors="0" failures="0" skipped="0" tests="3" time="10.416" timestamp="2025-07-27T12:34:27.351372+07:00" hostname="ahmads-MacBook-Pro.local"><testcase classname="tests.test_login_page" name="test_login_page_success" time="3.370" /><testcase classname="tests.test_multiple_login" name="test_multiple_login_page_success[tohamindes@gmail.com-Sukses111!!!]" time="1.438" /><testcase classname="tests.test_profile_page" name="test_profile_page_success" time="3.162" /></testsuite></testsuites>