<?xml version="1.0" encoding="utf-8"?><testsuites name="pytest tests"><testsuite name="pytest" errors="0" failures="0" skipped="0" tests="3" time="14.907" timestamp="2025-07-27T12:16:31.646414+07:00" hostname="ahmads-MacBook-Pro.local"><testcase classname="tests.test_login_page" name="test_login_page_success" time="5.007" /><testcase classname="tests.test_multiple_login" name="test_multiple_login_page_success[tohamindes@gmail.com-Sukses111!!!]" time="3.656" /><testcase classname="tests.test_profile_page" name="test_profile_page_success" time="3.858" /></testsuite></testsuites>